Analysis & Synthesis report for practica3
Wed Jun 16 15:30:23 2021
Quartus Prime Version 18.0.0 Build 614 04/24/2018 SJ Lite Edition


---------------------
; Table of Contents ;
---------------------
  1. Legal Notice
  2. Analysis & Synthesis Summary
  3. Analysis & Synthesis Settings
  4. Parallel Compilation
  5. Analysis & Synthesis Source Files Read
  6. Analysis & Synthesis Resource Usage Summary
  7. Analysis & Synthesis Resource Utilization by Entity
  8. Analysis & Synthesis DSP Block Usage Summary
  9. General Register Statistics
 10. Parameter Settings for Inferred Entity Instance: lpm_divide:Div0
 11. Parameter Settings for Inferred Entity Instance: lpm_mult:Mult0
 12. Parameter Settings for Inferred Entity Instance: lpm_divide:Div1
 13. lpm_mult Parameter Settings by Entity Instance
 14. Post-Synthesis Netlist Statistics for Top Partition
 15. Elapsed Time Per Partition
 16. Analysis & Synthesis Messages



----------------
; Legal Notice ;
----------------
Copyright (C) 2018  Intel Corporation. All rights reserved.
Your use of Intel Corporation's design tools, logic functions 
and other software and tools, and its AMPP partner logic 
functions, and any output files from any of the foregoing 
(including device programming or simulation files), and any 
associated documentation or information are expressly subject 
to the terms and conditions of the Intel Program License 
Subscription Agreement, the Intel Quartus Prime License Agreement,
the Intel FPGA IP License Agreement, or other applicable license
agreement, including, without limitation, that your use is for
the sole purpose of programming logic devices manufactured by
Intel and sold by Intel or its authorized distributors.  Please
refer to the applicable agreement for further details.



+----------------------------------------------------------------------------------+
; Analysis & Synthesis Summary                                                     ;
+------------------------------------+---------------------------------------------+
; Analysis & Synthesis Status        ; Successful - Wed Jun 16 15:30:22 2021       ;
; Quartus Prime Version              ; 18.0.0 Build 614 04/24/2018 SJ Lite Edition ;
; Revision Name                      ; practica3                                   ;
; Top-level Entity Name              ; actcomp                                     ;
; Family                             ; MAX 10                                      ;
; Total logic elements               ; 2,263                                       ;
;     Total combinational functions  ; 2,263                                       ;
;     Dedicated logic registers      ; 33                                          ;
; Total registers                    ; 33                                          ;
; Total pins                         ; 12                                          ;
; Total virtual pins                 ; 0                                           ;
; Total memory bits                  ; 0                                           ;
; Embedded Multiplier 9-bit elements ; 4                                           ;
; Total PLLs                         ; 0                                           ;
; UFM blocks                         ; 0                                           ;
; ADC blocks                         ; 0                                           ;
+------------------------------------+---------------------------------------------+


+------------------------------------------------------------------------------------------------------------+
; Analysis & Synthesis Settings                                                                              ;
+------------------------------------------------------------------+--------------------+--------------------+
; Option                                                           ; Setting            ; Default Value      ;
+------------------------------------------------------------------+--------------------+--------------------+
; Device                                                           ; 10M50DAF484C7G     ;                    ;
; Top-level entity name                                            ; actcomp            ; practica3          ;
; Family name                                                      ; MAX 10             ; Cyclone V          ;
; Use smart compilation                                            ; Off                ; Off                ;
; Enable parallel Assembler and Timing Analyzer during compilation ; On                 ; On                 ;
; Enable compact report table                                      ; Off                ; Off                ;
; Restructure Multiplexers                                         ; Auto               ; Auto               ;
; Create Debugging Nodes for IP Cores                              ; Off                ; Off                ;
; Preserve fewer node names                                        ; On                 ; On                 ;
; Intel FPGA IP Evaluation Mode                                    ; Enable             ; Enable             ;
; Verilog Version                                                  ; Verilog_2001       ; Verilog_2001       ;
; VHDL Version                                                     ; VHDL_1993          ; VHDL_1993          ;
; State Machine Processing                                         ; Auto               ; Auto               ;
; Safe State Machine                                               ; Off                ; Off                ;
; Extract Verilog State Machines                                   ; On                 ; On                 ;
; Extract VHDL State Machines                                      ; On                 ; On                 ;
; Ignore Verilog initial constructs                                ; Off                ; Off                ;
; Iteration limit for constant Verilog loops                       ; 5000               ; 5000               ;
; Iteration limit for non-constant Verilog loops                   ; 250                ; 250                ;
; Add Pass-Through Logic to Inferred RAMs                          ; On                 ; On                 ;
; Infer RAMs from Raw Logic                                        ; On                 ; On                 ;
; Parallel Synthesis                                               ; On                 ; On                 ;
; DSP Block Balancing                                              ; Auto               ; Auto               ;
; NOT Gate Push-Back                                               ; On                 ; On                 ;
; Power-Up Don't Care                                              ; On                 ; On                 ;
; Remove Redundant Logic Cells                                     ; Off                ; Off                ;
; Remove Duplicate Registers                                       ; On                 ; On                 ;
; Ignore CARRY Buffers                                             ; Off                ; Off                ;
; Ignore CASCADE Buffers                                           ; Off                ; Off                ;
; Ignore GLOBAL Buffers                                            ; Off                ; Off                ;
; Ignore ROW GLOBAL Buffers                                        ; Off                ; Off                ;
; Ignore LCELL Buffers                                             ; Off                ; Off                ;
; Ignore SOFT Buffers                                              ; On                 ; On                 ;
; Limit AHDL Integers to 32 Bits                                   ; Off                ; Off                ;
; Optimization Technique                                           ; Balanced           ; Balanced           ;
; Carry Chain Length                                               ; 70                 ; 70                 ;
; Auto Carry Chains                                                ; On                 ; On                 ;
; Auto Open-Drain Pins                                             ; On                 ; On                 ;
; Perform WYSIWYG Primitive Resynthesis                            ; Off                ; Off                ;
; Auto ROM Replacement                                             ; On                 ; On                 ;
; Auto RAM Replacement                                             ; On                 ; On                 ;
; Auto DSP Block Replacement                                       ; On                 ; On                 ;
; Auto Shift Register Replacement                                  ; Auto               ; Auto               ;
; Allow Shift Register Merging across Hierarchies                  ; Auto               ; Auto               ;
; Auto Clock Enable Replacement                                    ; On                 ; On                 ;
; Strict RAM Replacement                                           ; Off                ; Off                ;
; Allow Synchronous Control Signals                                ; On                 ; On                 ;
; Force Use of Synchronous Clear Signals                           ; Off                ; Off                ;
; Auto RAM Block Balancing                                         ; On                 ; On                 ;
; Auto RAM to Logic Cell Conversion                                ; Off                ; Off                ;
; Auto Resource Sharing                                            ; Off                ; Off                ;
; Allow Any RAM Size For Recognition                               ; Off                ; Off                ;
; Allow Any ROM Size For Recognition                               ; Off                ; Off                ;
; Allow Any Shift Register Size For Recognition                    ; Off                ; Off                ;
; Use LogicLock Constraints during Resource Balancing              ; On                 ; On                 ;
; Ignore translate_off and synthesis_off directives                ; Off                ; Off                ;
; Timing-Driven Synthesis                                          ; On                 ; On                 ;
; Report Parameter Settings                                        ; On                 ; On                 ;
; Report Source Assignments                                        ; On                 ; On                 ;
; Report Connectivity Checks                                       ; On                 ; On                 ;
; Ignore Maximum Fan-Out Assignments                               ; Off                ; Off                ;
; Synchronization Register Chain Length                            ; 2                  ; 2                  ;
; Power Optimization During Synthesis                              ; Normal compilation ; Normal compilation ;
; HDL message level                                                ; Level2             ; Level2             ;
; Suppress Register Optimization Related Messages                  ; Off                ; Off                ;
; Number of Removed Registers Reported in Synthesis Report         ; 5000               ; 5000               ;
; Number of Swept Nodes Reported in Synthesis Report               ; 5000               ; 5000               ;
; Number of Inverted Registers Reported in Synthesis Report        ; 100                ; 100                ;
; Clock MUX Protection                                             ; On                 ; On                 ;
; Auto Gated Clock Conversion                                      ; Off                ; Off                ;
; Block Design Naming                                              ; Auto               ; Auto               ;
; SDC constraint protection                                        ; Off                ; Off                ;
; Synthesis Effort                                                 ; Auto               ; Auto               ;
; Shift Register Replacement - Allow Asynchronous Clear Signal     ; On                 ; On                 ;
; Pre-Mapping Resynthesis Optimization                             ; Off                ; Off                ;
; Analysis & Synthesis Message Level                               ; Medium             ; Medium             ;
; Disable Register Merging Across Hierarchies                      ; Auto               ; Auto               ;
; Resource Aware Inference For Block RAM                           ; On                 ; On                 ;
+------------------------------------------------------------------+--------------------+--------------------+


+------------------------------------------+
; Parallel Compilation                     ;
+----------------------------+-------------+
; Processors                 ; Number      ;
+----------------------------+-------------+
; Number detected on machine ; 4           ;
; Maximum allowed            ; 2           ;
;                            ;             ;
; Average used               ; 1.00        ;
; Maximum used               ; 2           ;
;                            ;             ;
; Usage by Processor         ; % Time Used ;
;     Processor 1            ; 100.0%      ;
;     Processor 2            ;   0.0%      ;
+----------------------------+-------------+


+--------------------------------------------------------------------------------------------------------------------------------------------------------------------------+
; Analysis & Synthesis Source Files Read                                                                                                                                   ;
+----------------------------------+-----------------+------------------------------+----------------------------------------------------------------------------+---------+
; File Name with User-Entered Path ; Used in Netlist ; File Type                    ; File Name with Absolute Path                                               ; Library ;
+----------------------------------+-----------------+------------------------------+----------------------------------------------------------------------------+---------+
; actcomp.vhd                      ; yes             ; User VHDL File               ; C:/disenovlsi/practica3/actcomp.vhd                                        ;         ;
; lpm_divide.tdf                   ; yes             ; Megafunction                 ; c:/intelfpga_lite/18.0/quartus/libraries/megafunctions/lpm_divide.tdf      ;         ;
; abs_divider.inc                  ; yes             ; Megafunction                 ; c:/intelfpga_lite/18.0/quartus/libraries/megafunctions/abs_divider.inc     ;         ;
; sign_div_unsign.inc              ; yes             ; Megafunction                 ; c:/intelfpga_lite/18.0/quartus/libraries/megafunctions/sign_div_unsign.inc ;         ;
; aglobal180.inc                   ; yes             ; Megafunction                 ; c:/intelfpga_lite/18.0/quartus/libraries/megafunctions/aglobal180.inc      ;         ;
; db/lpm_divide_vco.tdf            ; yes             ; Auto-Generated Megafunction  ; C:/disenovlsi/practica3/db/lpm_divide_vco.tdf                              ;         ;
; db/abs_divider_4dg.tdf           ; yes             ; Auto-Generated Megafunction  ; C:/disenovlsi/practica3/db/abs_divider_4dg.tdf                             ;         ;
; db/alt_u_div_ske.tdf             ; yes             ; Auto-Generated Megafunction  ; C:/disenovlsi/practica3/db/alt_u_div_ske.tdf                               ;         ;
; db/add_sub_t3c.tdf               ; yes             ; Auto-Generated Megafunction  ; C:/disenovlsi/practica3/db/add_sub_t3c.tdf                                 ;         ;
; db/add_sub_u3c.tdf               ; yes             ; Auto-Generated Megafunction  ; C:/disenovlsi/practica3/db/add_sub_u3c.tdf                                 ;         ;
; db/lpm_abs_8b9.tdf               ; yes             ; Auto-Generated Megafunction  ; C:/disenovlsi/practica3/db/lpm_abs_8b9.tdf                                 ;         ;
; lpm_mult.tdf                     ; yes             ; Megafunction                 ; c:/intelfpga_lite/18.0/quartus/libraries/megafunctions/lpm_mult.tdf        ;         ;
; lpm_add_sub.inc                  ; yes             ; Megafunction                 ; c:/intelfpga_lite/18.0/quartus/libraries/megafunctions/lpm_add_sub.inc     ;         ;
; multcore.inc                     ; yes             ; Megafunction                 ; c:/intelfpga_lite/18.0/quartus/libraries/megafunctions/multcore.inc        ;         ;
; bypassff.inc                     ; yes             ; Megafunction                 ; c:/intelfpga_lite/18.0/quartus/libraries/megafunctions/bypassff.inc        ;         ;
; altshift.inc                     ; yes             ; Megafunction                 ; c:/intelfpga_lite/18.0/quartus/libraries/megafunctions/altshift.inc        ;         ;
; db/mult_cfs.tdf                  ; yes             ; Auto-Generated Megafunction  ; C:/disenovlsi/practica3/db/mult_cfs.tdf                                    ;         ;
; db/lpm_divide_ibo.tdf            ; yes             ; Auto-Generated Megafunction  ; C:/disenovlsi/practica3/db/lpm_divide_ibo.tdf                              ;         ;
; db/abs_divider_nbg.tdf           ; yes             ; Auto-Generated Megafunction  ; C:/disenovlsi/practica3/db/abs_divider_nbg.tdf                             ;         ;
; db/alt_u_div_2ie.tdf             ; yes             ; Auto-Generated Megafunction  ; C:/disenovlsi/practica3/db/alt_u_div_2ie.tdf                               ;         ;
; db/lpm_abs_r99.tdf               ; yes             ; Auto-Generated Megafunction  ; C:/disenovlsi/practica3/db/lpm_abs_r99.tdf                                 ;         ;
+----------------------------------+-----------------+------------------------------+----------------------------------------------------------------------------+---------+


+----------------------------------------------------------------------------------------------+
; Analysis & Synthesis Resource Usage Summary                                                  ;
+---------------------------------------------+------------------------------------------------+
; Resource                                    ; Usage                                          ;
+---------------------------------------------+------------------------------------------------+
; Estimated Total logic elements              ; 2,263                                          ;
;                                             ;                                                ;
; Total combinational functions               ; 2263                                           ;
; Logic element usage by number of LUT inputs ;                                                ;
;     -- 4 input functions                    ; 621                                            ;
;     -- 3 input functions                    ; 820                                            ;
;     -- <=2 input functions                  ; 822                                            ;
;                                             ;                                                ;
; Logic elements by mode                      ;                                                ;
;     -- normal mode                          ; 1430                                           ;
;     -- arithmetic mode                      ; 833                                            ;
;                                             ;                                                ;
; Total registers                             ; 33                                             ;
;     -- Dedicated logic registers            ; 33                                             ;
;     -- I/O registers                        ; 0                                              ;
;                                             ;                                                ;
; I/O pins                                    ; 12                                             ;
;                                             ;                                                ;
; Embedded Multiplier 9-bit elements          ; 4                                              ;
;                                             ;                                                ;
; Maximum fan-out node                        ; lpm_mult:Mult0|mult_cfs:auto_generated|op_1~26 ;
; Maximum fan-out                             ; 98                                             ;
; Total fan-out                               ; 6594                                           ;
; Average fan-out                             ; 2.84                                           ;
+---------------------------------------------+------------------------------------------------+


+-------------------------------------------------------------------------------------------------------------------------------------------------------------------------------------------------------------------------------------------------------------------------------------------------------------------------------------+
; Analysis & Synthesis Resource Utilization by Entity                                                                                                                                                                                                                                                                                 ;
+---------------------------------------+---------------------+---------------------------+-------------+------------+--------------+---------+-----------+------+--------------+------------+-------------------------------------------------------------------------------------------------------+-----------------+--------------+
; Compilation Hierarchy Node            ; Combinational ALUTs ; Dedicated Logic Registers ; Memory Bits ; UFM Blocks ; DSP Elements ; DSP 9x9 ; DSP 18x18 ; Pins ; Virtual Pins ; ADC blocks ; Full Hierarchy Name                                                                                   ; Entity Name     ; Library Name ;
+---------------------------------------+---------------------+---------------------------+-------------+------------+--------------+---------+-----------+------+--------------+------------+-------------------------------------------------------------------------------------------------------+-----------------+--------------+
; |actcomp                              ; 2263 (97)           ; 33 (33)                   ; 0           ; 0          ; 4            ; 0       ; 2         ; 12   ; 0            ; 0          ; |actcomp                                                                                              ; actcomp         ; work         ;
;    |lpm_divide:Div0|                  ; 1430 (0)            ; 0 (0)                     ; 0           ; 0          ; 0            ; 0       ; 0         ; 0    ; 0            ; 0          ; |actcomp|lpm_divide:Div0                                                                              ; lpm_divide      ; work         ;
;       |lpm_divide_vco:auto_generated| ; 1430 (0)            ; 0 (0)                     ; 0           ; 0          ; 0            ; 0       ; 0         ; 0    ; 0            ; 0          ; |actcomp|lpm_divide:Div0|lpm_divide_vco:auto_generated                                                ; lpm_divide_vco  ; work         ;
;          |abs_divider_4dg:divider|    ; 1430 (0)            ; 0 (0)                     ; 0           ; 0          ; 0            ; 0       ; 0         ; 0    ; 0            ; 0          ; |actcomp|lpm_divide:Div0|lpm_divide_vco:auto_generated|abs_divider_4dg:divider                        ; abs_divider_4dg ; work         ;
;             |alt_u_div_ske:divider|   ; 1430 (1430)         ; 0 (0)                     ; 0           ; 0          ; 0            ; 0       ; 0         ; 0    ; 0            ; 0          ; |actcomp|lpm_divide:Div0|lpm_divide_vco:auto_generated|abs_divider_4dg:divider|alt_u_div_ske:divider  ; alt_u_div_ske   ; work         ;
;    |lpm_divide:Div1|                  ; 713 (0)             ; 0 (0)                     ; 0           ; 0          ; 0            ; 0       ; 0         ; 0    ; 0            ; 0          ; |actcomp|lpm_divide:Div1                                                                              ; lpm_divide      ; work         ;
;       |lpm_divide_ibo:auto_generated| ; 713 (0)             ; 0 (0)                     ; 0           ; 0          ; 0            ; 0       ; 0         ; 0    ; 0            ; 0          ; |actcomp|lpm_divide:Div1|lpm_divide_ibo:auto_generated                                                ; lpm_divide_ibo  ; work         ;
;          |abs_divider_nbg:divider|    ; 713 (56)            ; 0 (0)                     ; 0           ; 0          ; 0            ; 0       ; 0         ; 0    ; 0            ; 0          ; |actcomp|lpm_divide:Div1|lpm_divide_ibo:auto_generated|abs_divider_nbg:divider                        ; abs_divider_nbg ; work         ;
;             |alt_u_div_2ie:divider|   ; 625 (625)           ; 0 (0)                     ; 0           ; 0          ; 0            ; 0       ; 0         ; 0    ; 0            ; 0          ; |actcomp|lpm_divide:Div1|lpm_divide_ibo:auto_generated|abs_divider_nbg:divider|alt_u_div_2ie:divider  ; alt_u_div_2ie   ; work         ;
;             |lpm_abs_8b9:my_abs_num|  ; 32 (32)             ; 0 (0)                     ; 0           ; 0          ; 0            ; 0       ; 0         ; 0    ; 0            ; 0          ; |actcomp|lpm_divide:Div1|lpm_divide_ibo:auto_generated|abs_divider_nbg:divider|lpm_abs_8b9:my_abs_num ; lpm_abs_8b9     ; work         ;
;    |lpm_mult:Mult0|                   ; 23 (0)              ; 0 (0)                     ; 0           ; 0          ; 4            ; 0       ; 2         ; 0    ; 0            ; 0          ; |actcomp|lpm_mult:Mult0                                                                               ; lpm_mult        ; work         ;
;       |mult_cfs:auto_generated|       ; 23 (23)             ; 0 (0)                     ; 0           ; 0          ; 4            ; 0       ; 2         ; 0    ; 0            ; 0          ; |actcomp|lpm_mult:Mult0|mult_cfs:auto_generated                                                       ; mult_cfs        ; work         ;
+---------------------------------------+---------------------+---------------------------+-------------+------------+--------------+---------+-----------+------+--------------+------------+-------------------------------------------------------------------------------------------------------+-----------------+--------------+
Note: For table entries with two numbers listed, the numbers in parentheses indicate the number of resources of the given type used by the specific entity alone. The numbers listed outside of parentheses indicate the total resources of the given type used by the specific entity and all of its sub-entities in the hierarchy.


+-----------------------------------------------------+
; Analysis & Synthesis DSP Block Usage Summary        ;
+---------------------------------------+-------------+
; Statistic                             ; Number Used ;
+---------------------------------------+-------------+
; Simple Multipliers (9-bit)            ; 0           ;
; Simple Multipliers (18-bit)           ; 2           ;
; Embedded Multiplier Blocks            ; --          ;
; Embedded Multiplier 9-bit elements    ; 4           ;
; Signed Embedded Multipliers           ; 1           ;
; Unsigned Embedded Multipliers         ; 0           ;
; Mixed Sign Embedded Multipliers       ; 1           ;
; Variable Sign Embedded Multipliers    ; 0           ;
; Dedicated Input Shift Register Chains ; 0           ;
+---------------------------------------+-------------+
Note: number of Embedded Multiplier Blocks used is only available after a successful fit.


+------------------------------------------------------+
; General Register Statistics                          ;
+----------------------------------------------+-------+
; Statistic                                    ; Value ;
+----------------------------------------------+-------+
; Total registers                              ; 33    ;
; Number of registers using Synchronous Clear  ; 32    ;
; Number of registers using Synchronous Load   ; 0     ;
; Number of registers using Asynchronous Clear ; 0     ;
; Number of registers using Asynchronous Load  ; 0     ;
; Number of registers using Clock Enable       ; 0     ;
; Number of registers using Preset             ; 0     ;
+----------------------------------------------+-------+


+------------------------------------------------------------------+
; Parameter Settings for Inferred Entity Instance: lpm_divide:Div0 ;
+------------------------+----------------+------------------------+
; Parameter Name         ; Value          ; Type                   ;
+------------------------+----------------+------------------------+
; LPM_WIDTHN             ; 32             ; Untyped                ;
; LPM_WIDTHD             ; 32             ; Untyped                ;
; LPM_NREPRESENTATION    ; SIGNED         ; Untyped                ;
; LPM_DREPRESENTATION    ; SIGNED         ; Untyped                ;
; LPM_PIPELINE           ; 0              ; Untyped                ;
; LPM_REMAINDERPOSITIVE  ; FALSE          ; Untyped                ;
; MAXIMIZE_SPEED         ; 5              ; Untyped                ;
; CBXI_PARAMETER         ; lpm_divide_vco ; Untyped                ;
; CARRY_CHAIN            ; MANUAL         ; Untyped                ;
; OPTIMIZE_FOR_SPEED     ; 5              ; Untyped                ;
; AUTO_CARRY_CHAINS      ; ON             ; AUTO_CARRY             ;
; IGNORE_CARRY_BUFFERS   ; OFF            ; IGNORE_CARRY           ;
; AUTO_CASCADE_CHAINS    ; ON             ; AUTO_CASCADE           ;
; IGNORE_CASCADE_BUFFERS ; OFF            ; IGNORE_CASCADE         ;
+------------------------+----------------+------------------------+
Note: In order to hide this table in the UI and the text report file, please set the "Show Parameter Settings in Synthesis Report" option in "Analysis and Synthesis Settings -> More Settings" to "Off".


+---------------------------------------------------------------------------------+
; Parameter Settings for Inferred Entity Instance: lpm_mult:Mult0                 ;
+------------------------------------------------+----------+---------------------+
; Parameter Name                                 ; Value    ; Type                ;
+------------------------------------------------+----------+---------------------+
; AUTO_CARRY_CHAINS                              ; ON       ; AUTO_CARRY          ;
; IGNORE_CARRY_BUFFERS                           ; OFF      ; IGNORE_CARRY        ;
; AUTO_CASCADE_CHAINS                            ; ON       ; AUTO_CASCADE        ;
; IGNORE_CASCADE_BUFFERS                         ; OFF      ; IGNORE_CASCADE      ;
; LPM_WIDTHA                                     ; 32       ; Untyped             ;
; LPM_WIDTHB                                     ; 6        ; Untyped             ;
; LPM_WIDTHP                                     ; 38       ; Untyped             ;
; LPM_WIDTHR                                     ; 38       ; Untyped             ;
; LPM_WIDTHS                                     ; 1        ; Untyped             ;
; LPM_REPRESENTATION                             ; SIGNED   ; Untyped             ;
; LPM_PIPELINE                                   ; 0        ; Untyped             ;
; LATENCY                                        ; 0        ; Untyped             ;
; INPUT_A_IS_CONSTANT                            ; NO       ; Untyped             ;
; INPUT_B_IS_CONSTANT                            ; NO       ; Untyped             ;
; USE_EAB                                        ; OFF      ; Untyped             ;
; MAXIMIZE_SPEED                                 ; 5        ; Untyped             ;
; DEVICE_FAMILY                                  ; MAX 10   ; Untyped             ;
; CARRY_CHAIN                                    ; MANUAL   ; Untyped             ;
; APEX20K_TECHNOLOGY_MAPPER                      ; LUT      ; TECH_MAPPER_APEX20K ;
; DEDICATED_MULTIPLIER_CIRCUITRY                 ; AUTO     ; Untyped             ;
; DEDICATED_MULTIPLIER_MIN_INPUT_WIDTH_FOR_AUTO  ; 0        ; Untyped             ;
; DEDICATED_MULTIPLIER_MIN_OUTPUT_WIDTH_FOR_AUTO ; 0        ; Untyped             ;
; CBXI_PARAMETER                                 ; mult_cfs ; Untyped             ;
; INPUT_A_FIXED_VALUE                            ; Bx       ; Untyped             ;
; INPUT_B_FIXED_VALUE                            ; Bx       ; Untyped             ;
; USE_AHDL_IMPLEMENTATION                        ; OFF      ; Untyped             ;
+------------------------------------------------+----------+---------------------+
Note: In order to hide this table in the UI and the text report file, please set the "Show Parameter Settings in Synthesis Report" option in "Analysis and Synthesis Settings -> More Settings" to "Off".


+------------------------------------------------------------------+
; Parameter Settings for Inferred Entity Instance: lpm_divide:Div1 ;
+------------------------+----------------+------------------------+
; Parameter Name         ; Value          ; Type                   ;
+------------------------+----------------+------------------------+
; LPM_WIDTHN             ; 32             ; Untyped                ;
; LPM_WIDTHD             ; 8              ; Untyped                ;
; LPM_NREPRESENTATION    ; SIGNED         ; Untyped                ;
; LPM_DREPRESENTATION    ; SIGNED         ; Untyped                ;
; LPM_PIPELINE           ; 0              ; Untyped                ;
; LPM_REMAINDERPOSITIVE  ; FALSE          ; Untyped                ;
; MAXIMIZE_SPEED         ; 5              ; Untyped                ;
; CBXI_PARAMETER         ; lpm_divide_ibo ; Untyped                ;
; CARRY_CHAIN            ; MANUAL         ; Untyped                ;
; OPTIMIZE_FOR_SPEED     ; 5              ; Untyped                ;
; AUTO_CARRY_CHAINS      ; ON             ; AUTO_CARRY             ;
; IGNORE_CARRY_BUFFERS   ; OFF            ; IGNORE_CARRY           ;
; AUTO_CASCADE_CHAINS    ; ON             ; AUTO_CASCADE           ;
; IGNORE_CASCADE_BUFFERS ; OFF            ; IGNORE_CASCADE         ;
+------------------------+----------------+------------------------+
Note: In order to hide this table in the UI and the text report file, please set the "Show Parameter Settings in Synthesis Report" option in "Analysis and Synthesis Settings -> More Settings" to "Off".


+--------------------------------------------------------+
; lpm_mult Parameter Settings by Entity Instance         ;
+---------------------------------------+----------------+
; Name                                  ; Value          ;
+---------------------------------------+----------------+
; Number of entity instances            ; 1              ;
; Entity Instance                       ; lpm_mult:Mult0 ;
;     -- LPM_WIDTHA                     ; 32             ;
;     -- LPM_WIDTHB                     ; 6              ;
;     -- LPM_WIDTHP                     ; 38             ;
;     -- LPM_REPRESENTATION             ; SIGNED         ;
;     -- INPUT_A_IS_CONSTANT            ; NO             ;
;     -- INPUT_B_IS_CONSTANT            ; NO             ;
;     -- USE_EAB                        ; OFF            ;
;     -- DEDICATED_MULTIPLIER_CIRCUITRY ; AUTO           ;
;     -- INPUT_A_FIXED_VALUE            ; Bx             ;
;     -- INPUT_B_FIXED_VALUE            ; Bx             ;
+---------------------------------------+----------------+


+-----------------------------------------------------+
; Post-Synthesis Netlist Statistics for Top Partition ;
+-----------------------+-----------------------------+
; Type                  ; Count                       ;
+-----------------------+-----------------------------+
; boundary_port         ; 12                          ;
; cycloneiii_ff         ; 33                          ;
;     SCLR              ; 32                          ;
;     plain             ; 1                           ;
; cycloneiii_lcell_comb ; 2263                        ;
;     arith             ; 833                         ;
;         1 data inputs ; 1                           ;
;         2 data inputs ; 97                          ;
;         3 data inputs ; 735                         ;
;     normal            ; 1430                        ;
;         0 data inputs ; 57                          ;
;         1 data inputs ; 15                          ;
;         2 data inputs ; 652                         ;
;         3 data inputs ; 85                          ;
;         4 data inputs ; 621                         ;
; cycloneiii_mac_mult   ; 2                           ;
; cycloneiii_mac_out    ; 2                           ;
;                       ;                             ;
; Max LUT depth         ; 113.70                      ;
; Average LUT depth     ; 100.29                      ;
+-----------------------+-----------------------------+


+-------------------------------+
; Elapsed Time Per Partition    ;
+----------------+--------------+
; Partition Name ; Elapsed Time ;
+----------------+--------------+
; Top            ; 00:00:14     ;
+----------------+--------------+


+-------------------------------+
; Analysis & Synthesis Messages ;
+-------------------------------+
Info: *******************************************************************
Info: Running Quartus Prime Analysis & Synthesis
    Info: Version 18.0.0 Build 614 04/24/2018 SJ Lite Edition
    Info: Processing started: Wed Jun 16 15:29:44 2021
Info: Command: quartus_map --read_settings_files=on --write_settings_files=off practica3 -c practica3
Warning (18236): Number of processors has not been specified which may cause overloading on shared machines.  Set the global assignment NUM_PARALLEL_PROCESSORS in your QSF to an appropriate value for best performance.
Info (20030): Parallel compilation is enabled and will use 2 of the 2 processors detected
Info (12021): Found 2 design units, including 1 entities, in source file divisor.vhd
    Info (12022): Found design unit 1: divisor-behavioral File: C:/disenovlsi/practica3/divisor.vhd Line: 11
    Info (12023): Found entity 1: divisor File: C:/disenovlsi/practica3/divisor.vhd Line: 6
Info (12021): Found 2 design units, including 1 entities, in source file relojms.vhd
    Info (12022): Found design unit 1: relojms-behavioral File: C:/disenovlsi/practica3/relojms.vhd Line: 12
    Info (12023): Found entity 1: relojms File: C:/disenovlsi/practica3/relojms.vhd Line: 6
Info (12021): Found 2 design units, including 1 entities, in source file practica3.vhd
    Info (12022): Found design unit 1: practica3-behavioral File: C:/disenovlsi/practica3/practica3.vhd Line: 13
    Info (12023): Found entity 1: practica3 File: C:/disenovlsi/practica3/practica3.vhd Line: 6
Info (12021): Found 2 design units, including 1 entities, in source file complementaria.vhd
    Info (12022): Found design unit 1: complementaria-Behavioral File: C:/disenovlsi/practica3/complementaria.vhd Line: 12
    Info (12023): Found entity 1: complementaria File: C:/disenovlsi/practica3/complementaria.vhd Line: 5
Info (12021): Found 2 design units, including 1 entities, in source file temporizador.vhd
    Info (12022): Found design unit 1: temporizador-behavioral File: C:/disenovlsi/practica3/temporizador.vhd Line: 13
    Info (12023): Found entity 1: temporizador File: C:/disenovlsi/practica3/temporizador.vhd Line: 6
Info (12021): Found 2 design units, including 1 entities, in source file actcomp.vhd
    Info (12022): Found design unit 1: actcomp-Behavioral File: C:/disenovlsi/practica3/actcomp.vhd Line: 15
    Info (12023): Found entity 1: actcomp File: C:/disenovlsi/practica3/actcomp.vhd Line: 8
Info (12127): Elaborating entity "actcomp" for the top level hierarchy
Warning (10540): VHDL Signal Declaration warning at actcomp.vhd(17): used explicit default value for signal "freclk" because signal was never assigned a value File: C:/disenovlsi/practica3/actcomp.vhd Line: 17
Info (278001): Inferred 3 megafunctions from design logic
    Info (278004): Inferred divider/modulo megafunction ("lpm_divide") from the following logic: "Div0" File: C:/disenovlsi/practica3/actcomp.vhd Line: 44
    Info (278003): Inferred multiplier megafunction ("lpm_mult") from the following logic: "Mult0" File: C:/disenovlsi/practica3/actcomp.vhd Line: 44
    Info (278004): Inferred divider/modulo megafunction ("lpm_divide") from the following logic: "Div1" File: C:/disenovlsi/practica3/actcomp.vhd Line: 44
Info (12130): Elaborated megafunction instantiation "lpm_divide:Div0" File: C:/disenovlsi/practica3/actcomp.vhd Line: 44
Info (12133): Instantiated megafunction "lpm_divide:Div0" with the following parameter: File: C:/disenovlsi/practica3/actcomp.vhd Line: 44
    Info (12134): Parameter "LPM_WIDTHN" = "32"
    Info (12134): Parameter "LPM_WIDTHD" = "32"
    Info (12134): Parameter "LPM_NREPRESENTATION" = "SIGNED"
    Info (12134): Parameter "LPM_DREPRESENTATION" = "SIGNED"
    Info (12134): Parameter "LPM_HINT" = "LPM_REMAINDERPOSITIVE=FALSE"
Info (12021): Found 1 design units, including 1 entities, in source file db/lpm_divide_vco.tdf
    Info (12023): Found entity 1: lpm_divide_vco File: C:/disenovlsi/practica3/db/lpm_divide_vco.tdf Line: 24
Info (12021): Found 1 design units, including 1 entities, in source file db/abs_divider_4dg.tdf
    Info (12023): Found entity 1: abs_divider_4dg File: C:/disenovlsi/practica3/db/abs_divider_4dg.tdf Line: 26
Info (12021): Found 1 design units, including 1 entities, in source file db/alt_u_div_ske.tdf
    Info (12023): Found entity 1: alt_u_div_ske File: C:/disenovlsi/practica3/db/alt_u_div_ske.tdf Line: 26
Info (12021): Found 1 design units, including 1 entities, in source file db/add_sub_t3c.tdf
    Info (12023): Found entity 1: add_sub_t3c File: C:/disenovlsi/practica3/db/add_sub_t3c.tdf Line: 22
Info (12021): Found 1 design units, including 1 entities, in source file db/add_sub_u3c.tdf
    Info (12023): Found entity 1: add_sub_u3c File: C:/disenovlsi/practica3/db/add_sub_u3c.tdf Line: 22
Info (12021): Found 1 design units, including 1 entities, in source file db/lpm_abs_8b9.tdf
    Info (12023): Found entity 1: lpm_abs_8b9 File: C:/disenovlsi/practica3/db/lpm_abs_8b9.tdf Line: 24
Info (12130): Elaborated megafunction instantiation "lpm_mult:Mult0" File: C:/disenovlsi/practica3/actcomp.vhd Line: 44
Info (12133): Instantiated megafunction "lpm_mult:Mult0" with the following parameter: File: C:/disenovlsi/practica3/actcomp.vhd Line: 44
    Info (12134): Parameter "LPM_WIDTHA" = "32"
    Info (12134): Parameter "LPM_WIDTHB" = "6"
    Info (12134): Parameter "LPM_WIDTHP" = "38"
    Info (12134): Parameter "LPM_WIDTHR" = "38"
    Info (12134): Parameter "LPM_WIDTHS" = "1"
    Info (12134): Parameter "LPM_REPRESENTATION" = "SIGNED"
    Info (12134): Parameter "INPUT_A_IS_CONSTANT" = "NO"
    Info (12134): Parameter "INPUT_B_IS_CONSTANT" = "NO"
    Info (12134): Parameter "MAXIMIZE_SPEED" = "5"
Info (12021): Found 1 design units, including 1 entities, in source file db/mult_cfs.tdf
    Info (12023): Found entity 1: mult_cfs File: C:/disenovlsi/practica3/db/mult_cfs.tdf Line: 30
Info (12130): Elaborated megafunction instantiation "lpm_divide:Div1" File: C:/disenovlsi/practica3/actcomp.vhd Line: 44
Info (12133): Instantiated megafunction "lpm_divide:Div1" with the following parameter: File: C:/disenovlsi/practica3/actcomp.vhd Line: 44
    Info (12134): Parameter "LPM_WIDTHN" = "32"
    Info (12134): Parameter "LPM_WIDTHD" = "8"
    Info (12134): Parameter "LPM_NREPRESENTATION" = "SIGNED"
    Info (12134): Parameter "LPM_DREPRESENTATION" = "SIGNED"
    Info (12134): Parameter "LPM_HINT" = "LPM_REMAINDERPOSITIVE=FALSE"
Info (12021): Found 1 design units, including 1 entities, in source file db/lpm_divide_ibo.tdf
    Info (12023): Found entity 1: lpm_divide_ibo File: C:/disenovlsi/practica3/db/lpm_divide_ibo.tdf Line: 24
Info (12021): Found 1 design units, including 1 entities, in source file db/abs_divider_nbg.tdf
    Info (12023): Found entity 1: abs_divider_nbg File: C:/disenovlsi/practica3/db/abs_divider_nbg.tdf Line: 28
Info (12021): Found 1 design units, including 1 entities, in source file db/alt_u_div_2ie.tdf
    Info (12023): Found entity 1: alt_u_div_2ie File: C:/disenovlsi/practica3/db/alt_u_div_2ie.tdf Line: 26
Info (12021): Found 1 design units, including 1 entities, in source file db/lpm_abs_r99.tdf
    Info (12023): Found entity 1: lpm_abs_r99 File: C:/disenovlsi/practica3/db/lpm_abs_r99.tdf Line: 24
Info (13014): Ignored 83 buffer(s)
    Info (13016): Ignored 31 CARRY_SUM buffer(s)
    Info (13019): Ignored 52 SOFT buffer(s)
Info (286030): Timing-Driven Synthesis is running
Info (17016): Found the following redundant logic cells in design
    Info (17048): Logic cell "lpm_divide:Div0|lpm_divide_vco:auto_generated|abs_divider_4dg:divider|alt_u_div_ske:divider|add_sub_6_result_int[0]~14" File: C:/disenovlsi/practica3/db/alt_u_div_ske.tdf Line: 166
    Info (17048): Logic cell "lpm_divide:Div0|lpm_divide_vco:auto_generated|abs_divider_4dg:divider|alt_u_div_ske:divider|add_sub_8_result_int[0]~18" File: C:/disenovlsi/practica3/db/alt_u_div_ske.tdf Line: 176
    Info (17048): Logic cell "lpm_divide:Div0|lpm_divide_vco:auto_generated|abs_divider_4dg:divider|alt_u_div_ske:divider|add_sub_9_result_int[0]~20" File: C:/disenovlsi/practica3/db/alt_u_div_ske.tdf Line: 181
    Info (17048): Logic cell "lpm_divide:Div0|lpm_divide_vco:auto_generated|abs_divider_4dg:divider|alt_u_div_ske:divider|add_sub_10_result_int[0]~22" File: C:/disenovlsi/practica3/db/alt_u_div_ske.tdf Line: 36
    Info (17048): Logic cell "lpm_divide:Div0|lpm_divide_vco:auto_generated|abs_divider_4dg:divider|alt_u_div_ske:divider|add_sub_11_result_int[0]~24" File: C:/disenovlsi/practica3/db/alt_u_div_ske.tdf Line: 41
    Info (17048): Logic cell "lpm_divide:Div0|lpm_divide_vco:auto_generated|abs_divider_4dg:divider|alt_u_div_ske:divider|add_sub_12_result_int[0]~26" File: C:/disenovlsi/practica3/db/alt_u_div_ske.tdf Line: 46
    Info (17048): Logic cell "lpm_divide:Div0|lpm_divide_vco:auto_generated|abs_divider_4dg:divider|alt_u_div_ske:divider|add_sub_14_result_int[0]~30" File: C:/disenovlsi/practica3/db/alt_u_div_ske.tdf Line: 56
    Info (17048): Logic cell "lpm_divide:Div0|lpm_divide_vco:auto_generated|abs_divider_4dg:divider|alt_u_div_ske:divider|add_sub_16_result_int[0]~34" File: C:/disenovlsi/practica3/db/alt_u_div_ske.tdf Line: 66
    Info (17048): Logic cell "lpm_divide:Div0|lpm_divide_vco:auto_generated|abs_divider_4dg:divider|alt_u_div_ske:divider|add_sub_17_result_int[0]~36" File: C:/disenovlsi/practica3/db/alt_u_div_ske.tdf Line: 71
    Info (17048): Logic cell "lpm_divide:Div0|lpm_divide_vco:auto_generated|abs_divider_4dg:divider|alt_u_div_ske:divider|add_sub_18_result_int[0]~38" File: C:/disenovlsi/practica3/db/alt_u_div_ske.tdf Line: 76
    Info (17048): Logic cell "lpm_divide:Div0|lpm_divide_vco:auto_generated|abs_divider_4dg:divider|alt_u_div_ske:divider|add_sub_19_result_int[0]~40" File: C:/disenovlsi/practica3/db/alt_u_div_ske.tdf Line: 81
    Info (17048): Logic cell "lpm_divide:Div0|lpm_divide_vco:auto_generated|abs_divider_4dg:divider|alt_u_div_ske:divider|add_sub_24_result_int[0]~50" File: C:/disenovlsi/practica3/db/alt_u_div_ske.tdf Line: 111
Info (16010): Generating hard_block partition "hard_block:auto_generated_inst"
    Info (16011): Adding 0 node(s), including 0 DDIO, 0 PLL, 0 transceiver and 0 LCELL
Info (21057): Implemented 2279 device resources after synthesis - the final resource count might be different
    Info (21058): Implemented 11 input pins
    Info (21059): Implemented 1 output pins
    Info (21061): Implemented 2263 logic cells
    Info (21062): Implemented 4 DSP elements
Info: Quartus Prime Analysis & Synthesis was successful. 0 errors, 2 warnings
    Info: Peak virtual memory: 4845 megabytes
    Info: Processing ended: Wed Jun 16 15:30:23 2021
    Info: Elapsed time: 00:00:39
    Info: Total CPU time (on all processors): 00:01:00


